\BOOKMARK [0][-]{chapter.1}{Product Description}{}% 1
\BOOKMARK [1][-]{section.1.1}{Motivation}{chapter.1}% 2
\BOOKMARK [1][-]{section.1.2}{Installation and Upgrade Note}{chapter.1}% 3
\BOOKMARK [1][-]{section.1.3}{Limitations}{chapter.1}% 4
\BOOKMARK [1][-]{section.1.4}{Known Issues}{chapter.1}% 5
\BOOKMARK [1][-]{section.1.5}{Software Design Architecture}{chapter.1}% 6
\BOOKMARK [2][-]{subsection.1.5.1}{Preprocessor}{section.1.5}% 7
\BOOKMARK [2][-]{subsection.1.5.2}{Assembler}{section.1.5}% 8
\BOOKMARK [2][-]{subsection.1.5.3}{Simulator Engine}{section.1.5}% 9
\BOOKMARK [2][-]{subsection.1.5.4}{Step-wise Traversal Controller}{section.1.5}% 10
\BOOKMARK [1][-]{section.1.6}{Source Code}{chapter.1}% 11
\BOOKMARK [0][-]{chapter.2}{Features}{}% 12
\BOOKMARK [0][-]{chapter.3}{Comparitive Analysis}{}% 13
\BOOKMARK [0][-]{chapter.4}{Assembler Directives}{}% 14
\BOOKMARK [1][-]{section.4.1}{Directives}{chapter.4}% 15
\BOOKMARK [1][-]{section.4.2}{Number Format Support}{chapter.4}% 16
\BOOKMARK [0][-]{chapter.5}{Disassembler}{}% 17
\BOOKMARK [1][-]{section.5.1}{Disassembler Demonstration}{chapter.5}% 18
\BOOKMARK [1][-]{section.5.2}{Intel HEX}{chapter.5}% 19
\BOOKMARK [1][-]{section.5.3}{Writing Hexcode in Disassembler}{chapter.5}% 20
\BOOKMARK [2][-]{subsection.5.3.1}{Limitation of disassembler}{section.5.3}% 21
\BOOKMARK [0][-]{chapter.6}{Timing Diagram generator}{}% 22
\BOOKMARK [1][-]{section.6.1}{Static Timing Diagram Generation}{chapter.6}% 23
\BOOKMARK [1][-]{section.6.2}{Dynamic Timing Diagram Generation By Manual Step by Step Simulation}{chapter.6}% 24
\BOOKMARK [1][-]{section.6.3}{Dynamic Timing Diagram Generation By Automatic Step by Step Simulation}{chapter.6}% 25
\BOOKMARK [0][-]{chapter.7}{Trainer Kit Emulator}{}% 26
\BOOKMARK [1][-]{section.7.1}{Keyboard}{chapter.7}% 27
\BOOKMARK [1][-]{section.7.2}{Using the Trainer Kit Emulator}{chapter.7}% 28
\BOOKMARK [2][-]{subsection.7.2.1}{How to enter a program}{section.7.2}% 29
\BOOKMARK [2][-]{subsection.7.2.2}{To Execute the Program}{section.7.2}% 30
\BOOKMARK [2][-]{subsection.7.2.3}{How to examine memory and register contents}{section.7.2}% 31
\BOOKMARK [1][-]{section.7.3}{Shortcut Keys for Trainer Kit Button}{chapter.7}% 32
\BOOKMARK [0][-]{chapter.8}{Debugging Mode}{}% 33
\BOOKMARK [0][-]{chapter.9}{Tools}{}% 34
\BOOKMARK [1][-]{section.9.1}{Insert Delay Subroutine}{chapter.9}% 35
\BOOKMARK [2][-]{subsection.9.1.1}{Working Example of a delay sub-routine}{section.9.1}% 36
\BOOKMARK [1][-]{section.9.2}{Interrupt Service Subroutine}{chapter.9}% 37
\BOOKMARK [1][-]{section.9.3}{Number Conversion Tool}{chapter.9}% 38
